{"C:\\Users\\yosef\\OneDrive\\Desktop\\Projects\\acquisitions\\src\\app.js": {"path":"C:\\Users\\yosef\\OneDrive\\Desktop\\Projects\\acquisitions\\src\\app.js","all":false,"statementMap":{"0":{"start":{"line":1,"column":0},"end":{"line":1,"column":30}},"1":{"start":{"line":2,"column":0},"end":{"line":2,"column":39}},"2":{"start":{"line":3,"column":0},"end":{"line":3,"column":28}},"3":{"start":{"line":4,"column":0},"end":{"line":4,"column":24}},"4":{"start":{"line":5,"column":0},"end":{"line":5,"column":41}},"5":{"start":{"line":6,"column":0},"end":{"line":6,"column":28}},"6":{"start":{"line":7,"column":0},"end":{"line":7,"column":48}},"7":{"start":{"line":8,"column":0},"end":{"line":8,"column":67}},"8":{"start":{"line":9,"column":0},"end":{"line":9,"column":50}},"9":{"start":{"line":10,"column":0},"end":{"line":10,"column":46}},"10":{"start":{"line":11,"column":0},"end":{"line":11,"column":22}},"11":{"start":{"line":12,"column":0},"end":{"line":12,"column":27}},"12":{"start":{"line":13,"column":0},"end":{"line":13,"column":53}},"13":{"start":{"line":14,"column":0},"end":{"line":14,"column":0}},"14":{"start":{"line":15,"column":0},"end":{"line":15,"column":8}},"15":{"start":{"line":16,"column":0},"end":{"line":16,"column":12}},"16":{"start":{"line":17,"column":0},"end":{"line":17,"column":37}},"17":{"start":{"line":18,"column":0},"end":{"line":18,"column":64}},"18":{"start":{"line":19,"column":0},"end":{"line":19,"column":6}},"19":{"start":{"line":20,"column":0},"end":{"line":20,"column":2}},"20":{"start":{"line":21,"column":0},"end":{"line":21,"column":0}},"21":{"start":{"line":22,"column":0},"end":{"line":22,"column":50}},"22":{"start":{"line":23,"column":0},"end":{"line":23,"column":13}},"23":{"start":{"line":24,"column":0},"end":{"line":24,"column":33}},"24":{"start":{"line":25,"column":0},"end":{"line":25,"column":39}},"25":{"start":{"line":26,"column":0},"end":{"line":26,"column":73}},"26":{"start":{"line":27,"column":0},"end":{"line":27,"column":9}},"27":{"start":{"line":28,"column":0},"end":{"line":28,"column":15}},"28":{"start":{"line":29,"column":0},"end":{"line":29,"column":7}},"29":{"start":{"line":30,"column":0},"end":{"line":30,"column":1}},"30":{"start":{"line":31,"column":0},"end":{"line":31,"column":16}},"31":{"start":{"line":32,"column":0},"end":{"line":32,"column":23}},"32":{"start":{"line":33,"column":0},"end":{"line":33,"column":48}},"33":{"start":{"line":34,"column":0},"end":{"line":34,"column":24}},"34":{"start":{"line":35,"column":0},"end":{"line":35,"column":0}},"35":{"start":{"line":36,"column":0},"end":{"line":36,"column":8}},"36":{"start":{"line":37,"column":0},"end":{"line":37,"column":24}},"37":{"start":{"line":38,"column":0},"end":{"line":38,"column":64}},"38":{"start":{"line":39,"column":0},"end":{"line":39,"column":6}},"39":{"start":{"line":40,"column":0},"end":{"line":40,"column":4}},"40":{"start":{"line":41,"column":0},"end":{"line":41,"column":2}},"41":{"start":{"line":42,"column":0},"end":{"line":42,"column":27}},"42":{"start":{"line":43,"column":0},"end":{"line":43,"column":28}},"43":{"start":{"line":44,"column":0},"end":{"line":44,"column":41}},"44":{"start":{"line":45,"column":0},"end":{"line":45,"column":54}},"45":{"start":{"line":46,"column":0},"end":{"line":46,"column":3}},"46":{"start":{"line":47,"column":0},"end":{"line":47,"column":34}},"47":{"start":{"line":48,"column":0},"end":{"line":48,"column":7}},"48":{"start":{"line":49,"column":0},"end":{"line":49,"column":20}},"49":{"start":{"line":50,"column":0},"end":{"line":50,"column":15}},"50":{"start":{"line":51,"column":0},"end":{"line":51,"column":25}},"51":{"start":{"line":52,"column":0},"end":{"line":52,"column":48}},"52":{"start":{"line":53,"column":0},"end":{"line":53,"column":37}},"53":{"start":{"line":54,"column":0},"end":{"line":54,"column":11}},"54":{"start":{"line":55,"column":0},"end":{"line":55,"column":3}},"55":{"start":{"line":56,"column":0},"end":{"line":56,"column":31}},"56":{"start":{"line":57,"column":0},"end":{"line":57,"column":70}},"57":{"start":{"line":58,"column":0},"end":{"line":58,"column":3}},"58":{"start":{"line":59,"column":0},"end":{"line":59,"column":32}},"59":{"start":{"line":60,"column":0},"end":{"line":60,"column":35}},"60":{"start":{"line":61,"column":0},"end":{"line":61,"column":29}},"61":{"start":{"line":62,"column":0},"end":{"line":62,"column":55}},"62":{"start":{"line":63,"column":0},"end":{"line":63,"column":2}},"63":{"start":{"line":64,"column":0},"end":{"line":64,"column":19}}},"s":{"0":1,"1":1,"2":1,"3":1,"4":1,"5":1,"6":1,"7":1,"8":1,"9":1,"10":1,"11":1,"12":1,"13":1,"14":1,"15":1,"16":1,"17":1,"18":1,"19":1,"20":1,"21":1,"22":1,"23":0,"24":0,"25":0,"26":0,"27":0,"28":0,"29":0,"30":1,"31":1,"32":1,"33":1,"34":1,"35":1,"36":1,"37":1,"38":1,"39":1,"40":1,"41":1,"42":1,"43":0,"44":0,"45":1,"46":1,"47":1,"48":1,"49":1,"50":1,"51":1,"52":1,"53":1,"54":1,"55":1,"56":1,"57":1,"58":1,"59":1,"60":1,"61":1,"62":1,"63":1},"branchMap":{"0":{"type":"branch","line":18,"loc":{"start":{"line":18,"column":20},"end":{"line":18,"column":32}},"locations":[{"start":{"line":18,"column":20},"end":{"line":18,"column":32}}]},"1":{"type":"branch","line":23,"loc":{"start":{"line":23,"column":12},"end":{"line":30,"column":1}},"locations":[{"start":{"line":23,"column":12},"end":{"line":30,"column":1}}]},"2":{"type":"branch","line":38,"loc":{"start":{"line":38,"column":23},"end":{"line":38,"column":62}},"locations":[{"start":{"line":38,"column":23},"end":{"line":38,"column":62}}]},"3":{"type":"branch","line":47,"loc":{"start":{"line":47,"column":19},"end":{"line":55,"column":2}},"locations":[{"start":{"line":47,"column":19},"end":{"line":55,"column":2}}]},"4":{"type":"branch","line":56,"loc":{"start":{"line":56,"column":16},"end":{"line":58,"column":2}},"locations":[{"start":{"line":56,"column":16},"end":{"line":58,"column":2}}]},"5":{"type":"branch","line":61,"loc":{"start":{"line":61,"column":8},"end":{"line":63,"column":2}},"locations":[{"start":{"line":61,"column":8},"end":{"line":63,"column":2}}]}},"b":{"0":[0],"1":[0],"2":[3],"3":[1],"4":[1],"5":[1]},"fnMap":{"0":{"name":"write","decl":{"start":{"line":38,"column":23},"end":{"line":38,"column":62}},"loc":{"start":{"line":38,"column":23},"end":{"line":38,"column":62}},"line":38}},"f":{"0":3}}
,"C:\\Users\\yosef\\OneDrive\\Desktop\\Projects\\acquisitions\\src\\config\\arcjet.js": {"path":"C:\\Users\\yosef\\OneDrive\\Desktop\\Projects\\acquisitions\\src\\config\\arcjet.js","all":false,"statementMap":{"0":{"start":{"line":1,"column":0},"end":{"line":1,"column":70}},"1":{"start":{"line":2,"column":0},"end":{"line":2,"column":0}},"2":{"start":{"line":3,"column":0},"end":{"line":3,"column":23}},"3":{"start":{"line":4,"column":0},"end":{"line":4,"column":32}},"4":{"start":{"line":5,"column":0},"end":{"line":5,"column":12}},"5":{"start":{"line":6,"column":0},"end":{"line":6,"column":33}},"6":{"start":{"line":7,"column":0},"end":{"line":7,"column":91}},"7":{"start":{"line":8,"column":0},"end":{"line":8,"column":64}},"8":{"start":{"line":9,"column":0},"end":{"line":9,"column":6}},"9":{"start":{"line":10,"column":0},"end":{"line":10,"column":3}}},"s":{"0":1,"1":1,"2":1,"3":1,"4":1,"5":1,"6":1,"7":1,"8":1,"9":1},"branchMap":{},"b":{},"fnMap":{},"f":{}}
,"C:\\Users\\yosef\\OneDrive\\Desktop\\Projects\\acquisitions\\src\\config\\database.js": {"path":"C:\\Users\\yosef\\OneDrive\\Desktop\\Projects\\acquisitions\\src\\config\\database.js","all":false,"statementMap":{"0":{"start":{"line":1,"column":0},"end":{"line":1,"column":23}},"1":{"start":{"line":2,"column":0},"end":{"line":2,"column":0}},"2":{"start":{"line":3,"column":0},"end":{"line":3,"column":60}},"3":{"start":{"line":4,"column":0},"end":{"line":4,"column":48}},"4":{"start":{"line":5,"column":0},"end":{"line":5,"column":46}},"5":{"start":{"line":6,"column":0},"end":{"line":6,"column":0}},"6":{"start":{"line":7,"column":0},"end":{"line":7,"column":45}},"7":{"start":{"line":8,"column":0},"end":{"line":8,"column":60}},"8":{"start":{"line":9,"column":0},"end":{"line":9,"column":42}},"9":{"start":{"line":10,"column":0},"end":{"line":10,"column":40}},"10":{"start":{"line":11,"column":0},"end":{"line":11,"column":1}},"11":{"start":{"line":12,"column":0},"end":{"line":12,"column":0}},"12":{"start":{"line":13,"column":0},"end":{"line":13,"column":43}},"13":{"start":{"line":14,"column":0},"end":{"line":14,"column":0}},"14":{"start":{"line":15,"column":0},"end":{"line":15,"column":47}},"15":{"start":{"line":16,"column":0},"end":{"line":16,"column":0}},"16":{"start":{"line":17,"column":0},"end":{"line":17,"column":19}}},"s":{"0":1,"1":1,"2":1,"3":1,"4":1,"5":1,"6":1,"7":0,"8":0,"9":0,"10":0,"11":1,"12":1,"13":1,"14":1,"15":1,"16":1},"branchMap":{"0":{"type":"branch","line":7,"loc":{"start":{"line":7,"column":44},"end":{"line":11,"column":1}},"locations":[{"start":{"line":7,"column":44},"end":{"line":11,"column":1}}]}},"b":{"0":[0]},"fnMap":{},"f":{}}
,"C:\\Users\\yosef\\OneDrive\\Desktop\\Projects\\acquisitions\\src\\config\\logger.js": {"path":"C:\\Users\\yosef\\OneDrive\\Desktop\\Projects\\acquisitions\\src\\config\\logger.js","all":false,"statementMap":{"0":{"start":{"line":1,"column":0},"end":{"line":1,"column":30}},"1":{"start":{"line":2,"column":0},"end":{"line":2,"column":0}},"2":{"start":{"line":3,"column":0},"end":{"line":3,"column":37}},"3":{"start":{"line":4,"column":0},"end":{"line":4,"column":43}},"4":{"start":{"line":5,"column":0},"end":{"line":5,"column":35}},"5":{"start":{"line":6,"column":0},"end":{"line":6,"column":36}},"6":{"start":{"line":7,"column":0},"end":{"line":7,"column":51}},"7":{"start":{"line":8,"column":0},"end":{"line":8,"column":34}},"8":{"start":{"line":9,"column":0},"end":{"line":9,"column":6}},"9":{"start":{"line":10,"column":0},"end":{"line":10,"column":49}},"10":{"start":{"line":11,"column":0},"end":{"line":11,"column":17}},"11":{"start":{"line":12,"column":0},"end":{"line":12,"column":83}},"12":{"start":{"line":13,"column":0},"end":{"line":13,"column":71}},"13":{"start":{"line":14,"column":0},"end":{"line":14,"column":6}},"14":{"start":{"line":15,"column":0},"end":{"line":15,"column":3}},"15":{"start":{"line":16,"column":0},"end":{"line":16,"column":0}},"16":{"start":{"line":17,"column":0},"end":{"line":17,"column":44}},"17":{"start":{"line":18,"column":0},"end":{"line":18,"column":15}},"18":{"start":{"line":19,"column":0},"end":{"line":19,"column":40}},"19":{"start":{"line":20,"column":0},"end":{"line":20,"column":43}},"20":{"start":{"line":21,"column":0},"end":{"line":21,"column":42}},"21":{"start":{"line":22,"column":0},"end":{"line":22,"column":39}},"22":{"start":{"line":23,"column":0},"end":{"line":23,"column":14}},"23":{"start":{"line":24,"column":0},"end":{"line":24,"column":10}},"24":{"start":{"line":25,"column":0},"end":{"line":25,"column":6}},"25":{"start":{"line":26,"column":0},"end":{"line":26,"column":1}},"26":{"start":{"line":27,"column":0},"end":{"line":27,"column":0}},"27":{"start":{"line":28,"column":0},"end":{"line":28,"column":22}}},"s":{"0":1,"1":1,"2":1,"3":1,"4":1,"5":1,"6":1,"7":1,"8":1,"9":1,"10":1,"11":1,"12":1,"13":1,"14":1,"15":1,"16":1,"17":1,"18":1,"19":1,"20":1,"21":1,"22":1,"23":1,"24":1,"25":1,"26":1,"27":1},"branchMap":{"0":{"type":"branch","line":4,"loc":{"start":{"line":4,"column":32},"end":{"line":4,"column":42}},"locations":[{"start":{"line":4,"column":32},"end":{"line":4,"column":42}}]}},"b":{"0":[0]},"fnMap":{},"f":{}}
,"C:\\Users\\yosef\\OneDrive\\Desktop\\Projects\\acquisitions\\src\\controllers\\auth.controller.js": {"path":"C:\\Users\\yosef\\OneDrive\\Desktop\\Projects\\acquisitions\\src\\controllers\\auth.controller.js","all":false,"statementMap":{"0":{"start":{"line":1,"column":0},"end":{"line":1,"column":39}},"1":{"start":{"line":2,"column":0},"end":{"line":2,"column":77}},"2":{"start":{"line":3,"column":0},"end":{"line":3,"column":57}},"3":{"start":{"line":4,"column":0},"end":{"line":4,"column":73}},"4":{"start":{"line":5,"column":0},"end":{"line":5,"column":41}},"5":{"start":{"line":6,"column":0},"end":{"line":6,"column":44}},"6":{"start":{"line":7,"column":0},"end":{"line":7,"column":0}},"7":{"start":{"line":8,"column":0},"end":{"line":8,"column":49}},"8":{"start":{"line":9,"column":0},"end":{"line":9,"column":9}},"9":{"start":{"line":10,"column":0},"end":{"line":10,"column":66}},"10":{"start":{"line":11,"column":0},"end":{"line":11,"column":0}},"11":{"start":{"line":12,"column":0},"end":{"line":12,"column":40}},"12":{"start":{"line":13,"column":0},"end":{"line":13,"column":41}},"13":{"start":{"line":14,"column":0},"end":{"line":14,"column":43}},"14":{"start":{"line":15,"column":0},"end":{"line":15,"column":71}},"15":{"start":{"line":16,"column":0},"end":{"line":16,"column":15}},"16":{"start":{"line":17,"column":0},"end":{"line":17,"column":9}},"17":{"start":{"line":18,"column":0},"end":{"line":18,"column":0}},"18":{"start":{"line":19,"column":0},"end":{"line":19,"column":70}},"19":{"start":{"line":20,"column":0},"end":{"line":20,"column":0}},"20":{"start":{"line":21,"column":0},"end":{"line":21,"column":71}},"21":{"start":{"line":22,"column":0},"end":{"line":22,"column":0}},"22":{"start":{"line":23,"column":0},"end":{"line":23,"column":37}},"23":{"start":{"line":24,"column":0},"end":{"line":24,"column":24}},"24":{"start":{"line":25,"column":0},"end":{"line":25,"column":30}},"25":{"start":{"line":26,"column":0},"end":{"line":26,"column":28}},"26":{"start":{"line":27,"column":0},"end":{"line":27,"column":11}},"27":{"start":{"line":28,"column":0},"end":{"line":28,"column":0}},"28":{"start":{"line":29,"column":0},"end":{"line":29,"column":41}},"29":{"start":{"line":30,"column":0},"end":{"line":30,"column":0}},"30":{"start":{"line":31,"column":0},"end":{"line":31,"column":62}},"31":{"start":{"line":32,"column":0},"end":{"line":32,"column":30}},"32":{"start":{"line":33,"column":0},"end":{"line":33,"column":39}},"33":{"start":{"line":34,"column":0},"end":{"line":34,"column":19}},"34":{"start":{"line":35,"column":0},"end":{"line":35,"column":28}},"35":{"start":{"line":36,"column":0},"end":{"line":36,"column":32}},"36":{"start":{"line":37,"column":0},"end":{"line":37,"column":34}},"37":{"start":{"line":38,"column":0},"end":{"line":38,"column":32}},"38":{"start":{"line":39,"column":0},"end":{"line":39,"column":14}},"39":{"start":{"line":40,"column":0},"end":{"line":40,"column":11}},"40":{"start":{"line":41,"column":0},"end":{"line":41,"column":17}},"41":{"start":{"line":42,"column":0},"end":{"line":42,"column":40}},"42":{"start":{"line":43,"column":0},"end":{"line":43,"column":0}},"43":{"start":{"line":44,"column":0},"end":{"line":44,"column":66}},"44":{"start":{"line":45,"column":0},"end":{"line":45,"column":74}},"45":{"start":{"line":46,"column":0},"end":{"line":46,"column":9}},"46":{"start":{"line":47,"column":0},"end":{"line":47,"column":0}},"47":{"start":{"line":48,"column":0},"end":{"line":48,"column":16}},"48":{"start":{"line":49,"column":0},"end":{"line":49,"column":5}},"49":{"start":{"line":50,"column":0},"end":{"line":50,"column":2}},"50":{"start":{"line":51,"column":0},"end":{"line":51,"column":0}},"51":{"start":{"line":52,"column":0},"end":{"line":52,"column":49}},"52":{"start":{"line":53,"column":0},"end":{"line":53,"column":9}},"53":{"start":{"line":54,"column":0},"end":{"line":54,"column":66}},"54":{"start":{"line":55,"column":0},"end":{"line":55,"column":0}},"55":{"start":{"line":56,"column":0},"end":{"line":56,"column":40}},"56":{"start":{"line":57,"column":0},"end":{"line":57,"column":41}},"57":{"start":{"line":58,"column":0},"end":{"line":58,"column":43}},"58":{"start":{"line":59,"column":0},"end":{"line":59,"column":71}},"59":{"start":{"line":60,"column":0},"end":{"line":60,"column":15}},"60":{"start":{"line":61,"column":0},"end":{"line":61,"column":9}},"61":{"start":{"line":62,"column":0},"end":{"line":62,"column":0}},"62":{"start":{"line":63,"column":0},"end":{"line":63,"column":58}},"63":{"start":{"line":64,"column":0},"end":{"line":64,"column":0}},"64":{"start":{"line":65,"column":0},"end":{"line":65,"column":65}},"65":{"start":{"line":66,"column":0},"end":{"line":66,"column":0}},"66":{"start":{"line":67,"column":0},"end":{"line":67,"column":37}},"67":{"start":{"line":68,"column":0},"end":{"line":68,"column":24}},"68":{"start":{"line":69,"column":0},"end":{"line":69,"column":30}},"69":{"start":{"line":70,"column":0},"end":{"line":70,"column":28}},"70":{"start":{"line":71,"column":0},"end":{"line":71,"column":11}},"71":{"start":{"line":72,"column":0},"end":{"line":72,"column":0}},"72":{"start":{"line":73,"column":0},"end":{"line":73,"column":41}},"73":{"start":{"line":74,"column":0},"end":{"line":74,"column":0}},"74":{"start":{"line":75,"column":0},"end":{"line":75,"column":61}},"75":{"start":{"line":76,"column":0},"end":{"line":76,"column":30}},"76":{"start":{"line":77,"column":0},"end":{"line":77,"column":51}},"77":{"start":{"line":78,"column":0},"end":{"line":78,"column":19}},"78":{"start":{"line":79,"column":0},"end":{"line":79,"column":28}},"79":{"start":{"line":80,"column":0},"end":{"line":80,"column":32}},"80":{"start":{"line":81,"column":0},"end":{"line":81,"column":34}},"81":{"start":{"line":82,"column":0},"end":{"line":82,"column":32}},"82":{"start":{"line":83,"column":0},"end":{"line":83,"column":14}},"83":{"start":{"line":84,"column":0},"end":{"line":84,"column":11}},"84":{"start":{"line":85,"column":0},"end":{"line":85,"column":17}},"85":{"start":{"line":86,"column":0},"end":{"line":86,"column":41}},"86":{"start":{"line":87,"column":0},"end":{"line":87,"column":0}},"87":{"start":{"line":88,"column":0},"end":{"line":88,"column":81}},"88":{"start":{"line":89,"column":0},"end":{"line":89,"column":74}},"89":{"start":{"line":90,"column":0},"end":{"line":90,"column":9}},"90":{"start":{"line":91,"column":0},"end":{"line":91,"column":0}},"91":{"start":{"line":92,"column":0},"end":{"line":92,"column":16}},"92":{"start":{"line":93,"column":0},"end":{"line":93,"column":5}},"93":{"start":{"line":94,"column":0},"end":{"line":94,"column":2}},"94":{"start":{"line":95,"column":0},"end":{"line":95,"column":0}},"95":{"start":{"line":96,"column":0},"end":{"line":96,"column":50}},"96":{"start":{"line":97,"column":0},"end":{"line":97,"column":9}},"97":{"start":{"line":98,"column":0},"end":{"line":98,"column":36}},"98":{"start":{"line":99,"column":0},"end":{"line":99,"column":0}},"99":{"start":{"line":100,"column":0},"end":{"line":100,"column":52}},"100":{"start":{"line":101,"column":0},"end":{"line":101,"column":30}},"101":{"start":{"line":102,"column":0},"end":{"line":102,"column":52}},"102":{"start":{"line":103,"column":0},"end":{"line":103,"column":11}},"103":{"start":{"line":104,"column":0},"end":{"line":104,"column":17}},"104":{"start":{"line":105,"column":0},"end":{"line":105,"column":42}},"105":{"start":{"line":106,"column":0},"end":{"line":106,"column":16}},"106":{"start":{"line":107,"column":0},"end":{"line":107,"column":5}},"107":{"start":{"line":108,"column":0},"end":{"line":108,"column":2}}},"s":{"0":1,"1":1,"2":1,"3":1,"4":1,"5":1,"6":1,"7":1,"8":0,"9":0,"10":0,"11":0,"12":0,"13":0,"14":0,"15":0,"16":0,"17":0,"18":0,"19":0,"20":0,"21":0,"22":0,"23":0,"24":0,"25":0,"26":0,"27":0,"28":0,"29":0,"30":0,"31":0,"32":0,"33":0,"34":0,"35":0,"36":0,"37":0,"38":0,"39":0,"40":0,"41":0,"42":0,"43":0,"44":0,"45":0,"46":0,"47":0,"48":0,"49":0,"50":1,"51":1,"52":0,"53":0,"54":0,"55":0,"56":0,"57":0,"58":0,"59":0,"60":0,"61":0,"62":0,"63":0,"64":0,"65":0,"66":0,"67":0,"68":0,"69":0,"70":0,"71":0,"72":0,"73":0,"74":0,"75":0,"76":0,"77":0,"78":0,"79":0,"80":0,"81":0,"82":0,"83":0,"84":0,"85":0,"86":0,"87":0,"88":0,"89":0,"90":0,"91":0,"92":0,"93":0,"94":1,"95":1,"96":0,"97":0,"98":0,"99":0,"100":0,"101":0,"102":0,"103":0,"104":0,"105":0,"106":0,"107":0},"branchMap":{},"b":{},"fnMap":{"0":{"name":"signup","decl":{"start":{"line":8,"column":22},"end":{"line":50,"column":2}},"loc":{"start":{"line":8,"column":22},"end":{"line":50,"column":2}},"line":8},"1":{"name":"signIn","decl":{"start":{"line":52,"column":22},"end":{"line":94,"column":2}},"loc":{"start":{"line":52,"column":22},"end":{"line":94,"column":2}},"line":52},"2":{"name":"signOut","decl":{"start":{"line":96,"column":23},"end":{"line":108,"column":2}},"loc":{"start":{"line":96,"column":23},"end":{"line":108,"column":2}},"line":96}},"f":{"0":0,"1":0,"2":0}}
,"C:\\Users\\yosef\\OneDrive\\Desktop\\Projects\\acquisitions\\src\\controllers\\users.controller.js": {"path":"C:\\Users\\yosef\\OneDrive\\Desktop\\Projects\\acquisitions\\src\\controllers\\users.controller.js","all":false,"statementMap":{"0":{"start":{"line":1,"column":0},"end":{"line":1,"column":39}},"1":{"start":{"line":2,"column":0},"end":{"line":2,"column":8}},"2":{"start":{"line":3,"column":0},"end":{"line":3,"column":16}},"3":{"start":{"line":4,"column":0},"end":{"line":4,"column":16}},"4":{"start":{"line":5,"column":0},"end":{"line":5,"column":15}},"5":{"start":{"line":6,"column":0},"end":{"line":6,"column":15}},"6":{"start":{"line":7,"column":0},"end":{"line":7,"column":36}},"7":{"start":{"line":8,"column":0},"end":{"line":8,"column":8}},"8":{"start":{"line":9,"column":0},"end":{"line":9,"column":17}},"9":{"start":{"line":10,"column":0},"end":{"line":10,"column":21}},"10":{"start":{"line":11,"column":0},"end":{"line":11,"column":42}},"11":{"start":{"line":12,"column":0},"end":{"line":12,"column":57}},"12":{"start":{"line":13,"column":0},"end":{"line":13,"column":0}},"13":{"start":{"line":14,"column":0},"end":{"line":14,"column":56}},"14":{"start":{"line":15,"column":0},"end":{"line":15,"column":9}},"15":{"start":{"line":16,"column":0},"end":{"line":16,"column":40}},"16":{"start":{"line":17,"column":0},"end":{"line":17,"column":0}},"17":{"start":{"line":18,"column":0},"end":{"line":18,"column":45}},"18":{"start":{"line":19,"column":0},"end":{"line":19,"column":0}},"19":{"start":{"line":20,"column":0},"end":{"line":20,"column":18}},"20":{"start":{"line":21,"column":0},"end":{"line":21,"column":52}},"21":{"start":{"line":22,"column":0},"end":{"line":22,"column":28}},"22":{"start":{"line":23,"column":0},"end":{"line":23,"column":35}},"23":{"start":{"line":24,"column":0},"end":{"line":24,"column":11}},"24":{"start":{"line":25,"column":0},"end":{"line":25,"column":17}},"25":{"start":{"line":26,"column":0},"end":{"line":26,"column":24}},"26":{"start":{"line":27,"column":0},"end":{"line":27,"column":16}},"27":{"start":{"line":28,"column":0},"end":{"line":28,"column":5}},"28":{"start":{"line":29,"column":0},"end":{"line":29,"column":2}},"29":{"start":{"line":30,"column":0},"end":{"line":30,"column":0}},"30":{"start":{"line":31,"column":0},"end":{"line":31,"column":56}},"31":{"start":{"line":32,"column":0},"end":{"line":32,"column":9}},"32":{"start":{"line":33,"column":0},"end":{"line":33,"column":60}},"33":{"start":{"line":34,"column":0},"end":{"line":34,"column":0}},"34":{"start":{"line":35,"column":0},"end":{"line":35,"column":41}},"35":{"start":{"line":36,"column":0},"end":{"line":36,"column":79}},"36":{"start":{"line":37,"column":0},"end":{"line":37,"column":0}},"37":{"start":{"line":38,"column":0},"end":{"line":38,"column":40}},"38":{"start":{"line":39,"column":0},"end":{"line":39,"column":41}},"39":{"start":{"line":40,"column":0},"end":{"line":40,"column":43}},"40":{"start":{"line":41,"column":0},"end":{"line":41,"column":71}},"41":{"start":{"line":42,"column":0},"end":{"line":42,"column":15}},"42":{"start":{"line":43,"column":0},"end":{"line":43,"column":9}},"43":{"start":{"line":44,"column":0},"end":{"line":44,"column":0}},"44":{"start":{"line":45,"column":0},"end":{"line":45,"column":45}},"45":{"start":{"line":46,"column":0},"end":{"line":46,"column":43}},"46":{"start":{"line":47,"column":0},"end":{"line":47,"column":0}},"47":{"start":{"line":48,"column":0},"end":{"line":48,"column":65}},"48":{"start":{"line":49,"column":0},"end":{"line":49,"column":18}},"49":{"start":{"line":50,"column":0},"end":{"line":50,"column":51}},"50":{"start":{"line":51,"column":0},"end":{"line":51,"column":17}},"51":{"start":{"line":52,"column":0},"end":{"line":52,"column":11}},"52":{"start":{"line":53,"column":0},"end":{"line":53,"column":17}},"53":{"start":{"line":54,"column":0},"end":{"line":54,"column":64}},"54":{"start":{"line":55,"column":0},"end":{"line":55,"column":0}},"55":{"start":{"line":56,"column":0},"end":{"line":56,"column":45}},"56":{"start":{"line":57,"column":0},"end":{"line":57,"column":69}},"57":{"start":{"line":58,"column":0},"end":{"line":58,"column":9}},"58":{"start":{"line":59,"column":0},"end":{"line":59,"column":0}},"59":{"start":{"line":60,"column":0},"end":{"line":60,"column":16}},"60":{"start":{"line":61,"column":0},"end":{"line":61,"column":5}},"61":{"start":{"line":62,"column":0},"end":{"line":62,"column":2}},"62":{"start":{"line":63,"column":0},"end":{"line":63,"column":0}},"63":{"start":{"line":64,"column":0},"end":{"line":64,"column":57}},"64":{"start":{"line":65,"column":0},"end":{"line":65,"column":9}},"65":{"start":{"line":66,"column":0},"end":{"line":66,"column":55}},"66":{"start":{"line":67,"column":0},"end":{"line":67,"column":0}},"67":{"start":{"line":68,"column":0},"end":{"line":68,"column":41}},"68":{"start":{"line":69,"column":0},"end":{"line":69,"column":81}},"69":{"start":{"line":70,"column":0},"end":{"line":70,"column":0}},"70":{"start":{"line":71,"column":0},"end":{"line":71,"column":42}},"71":{"start":{"line":72,"column":0},"end":{"line":72,"column":41}},"72":{"start":{"line":73,"column":0},"end":{"line":73,"column":43}},"73":{"start":{"line":74,"column":0},"end":{"line":74,"column":73}},"74":{"start":{"line":75,"column":0},"end":{"line":75,"column":15}},"75":{"start":{"line":76,"column":0},"end":{"line":76,"column":9}},"76":{"start":{"line":77,"column":0},"end":{"line":77,"column":0}},"77":{"start":{"line":78,"column":0},"end":{"line":78,"column":35}},"78":{"start":{"line":79,"column":0},"end":{"line":79,"column":76}},"79":{"start":{"line":80,"column":0},"end":{"line":80,"column":0}},"80":{"start":{"line":81,"column":0},"end":{"line":81,"column":46}},"81":{"start":{"line":82,"column":0},"end":{"line":82,"column":41}},"82":{"start":{"line":83,"column":0},"end":{"line":83,"column":43}},"83":{"start":{"line":84,"column":0},"end":{"line":84,"column":77}},"84":{"start":{"line":85,"column":0},"end":{"line":85,"column":15}},"85":{"start":{"line":86,"column":0},"end":{"line":86,"column":9}},"86":{"start":{"line":87,"column":0},"end":{"line":87,"column":0}},"87":{"start":{"line":88,"column":0},"end":{"line":88,"column":47}},"88":{"start":{"line":89,"column":0},"end":{"line":89,"column":52}},"89":{"start":{"line":90,"column":0},"end":{"line":90,"column":0}},"90":{"start":{"line":91,"column":0},"end":{"line":91,"column":31}},"91":{"start":{"line":92,"column":0},"end":{"line":92,"column":24}},"92":{"start":{"line":93,"column":0},"end":{"line":93,"column":41}},"93":{"start":{"line":94,"column":0},"end":{"line":94,"column":49}},"94":{"start":{"line":95,"column":0},"end":{"line":95,"column":76}},"95":{"start":{"line":96,"column":0},"end":{"line":96,"column":15}},"96":{"start":{"line":97,"column":0},"end":{"line":97,"column":9}},"97":{"start":{"line":98,"column":0},"end":{"line":98,"column":0}},"98":{"start":{"line":99,"column":0},"end":{"line":99,"column":73}},"99":{"start":{"line":100,"column":0},"end":{"line":100,"column":62}},"100":{"start":{"line":101,"column":0},"end":{"line":101,"column":41}},"101":{"start":{"line":102,"column":0},"end":{"line":102,"column":39}},"102":{"start":{"line":103,"column":0},"end":{"line":103,"column":68}},"103":{"start":{"line":104,"column":0},"end":{"line":104,"column":15}},"104":{"start":{"line":105,"column":0},"end":{"line":105,"column":9}},"105":{"start":{"line":106,"column":0},"end":{"line":106,"column":0}},"106":{"start":{"line":107,"column":0},"end":{"line":107,"column":44}},"107":{"start":{"line":108,"column":0},"end":{"line":108,"column":56}},"108":{"start":{"line":109,"column":0},"end":{"line":109,"column":41}},"109":{"start":{"line":110,"column":0},"end":{"line":110,"column":39}},"110":{"start":{"line":111,"column":0},"end":{"line":111,"column":69}},"111":{"start":{"line":112,"column":0},"end":{"line":112,"column":15}},"112":{"start":{"line":113,"column":0},"end":{"line":113,"column":9}},"113":{"start":{"line":114,"column":0},"end":{"line":114,"column":0}},"114":{"start":{"line":115,"column":0},"end":{"line":115,"column":91}},"115":{"start":{"line":116,"column":0},"end":{"line":116,"column":40}},"116":{"start":{"line":117,"column":0},"end":{"line":117,"column":32}},"117":{"start":{"line":118,"column":0},"end":{"line":118,"column":9}},"118":{"start":{"line":119,"column":0},"end":{"line":119,"column":0}},"119":{"start":{"line":120,"column":0},"end":{"line":120,"column":58}},"120":{"start":{"line":121,"column":0},"end":{"line":121,"column":0}},"121":{"start":{"line":122,"column":0},"end":{"line":122,"column":70}},"122":{"start":{"line":123,"column":0},"end":{"line":123,"column":18}},"123":{"start":{"line":124,"column":0},"end":{"line":124,"column":49}},"124":{"start":{"line":125,"column":0},"end":{"line":125,"column":30}},"125":{"start":{"line":126,"column":0},"end":{"line":126,"column":11}},"126":{"start":{"line":127,"column":0},"end":{"line":127,"column":17}},"127":{"start":{"line":128,"column":0},"end":{"line":128,"column":58}},"128":{"start":{"line":129,"column":0},"end":{"line":129,"column":0}},"129":{"start":{"line":130,"column":0},"end":{"line":130,"column":45}},"130":{"start":{"line":131,"column":0},"end":{"line":131,"column":69}},"131":{"start":{"line":132,"column":0},"end":{"line":132,"column":9}},"132":{"start":{"line":133,"column":0},"end":{"line":133,"column":0}},"133":{"start":{"line":134,"column":0},"end":{"line":134,"column":51}},"134":{"start":{"line":135,"column":0},"end":{"line":135,"column":75}},"135":{"start":{"line":136,"column":0},"end":{"line":136,"column":9}},"136":{"start":{"line":137,"column":0},"end":{"line":137,"column":0}},"137":{"start":{"line":138,"column":0},"end":{"line":138,"column":16}},"138":{"start":{"line":139,"column":0},"end":{"line":139,"column":5}},"139":{"start":{"line":140,"column":0},"end":{"line":140,"column":2}},"140":{"start":{"line":141,"column":0},"end":{"line":141,"column":0}},"141":{"start":{"line":142,"column":0},"end":{"line":142,"column":57}},"142":{"start":{"line":143,"column":0},"end":{"line":143,"column":9}},"143":{"start":{"line":144,"column":0},"end":{"line":144,"column":55}},"144":{"start":{"line":145,"column":0},"end":{"line":145,"column":0}},"145":{"start":{"line":146,"column":0},"end":{"line":146,"column":41}},"146":{"start":{"line":147,"column":0},"end":{"line":147,"column":79}},"147":{"start":{"line":148,"column":0},"end":{"line":148,"column":0}},"148":{"start":{"line":149,"column":0},"end":{"line":149,"column":40}},"149":{"start":{"line":150,"column":0},"end":{"line":150,"column":41}},"150":{"start":{"line":151,"column":0},"end":{"line":151,"column":43}},"151":{"start":{"line":152,"column":0},"end":{"line":152,"column":71}},"152":{"start":{"line":153,"column":0},"end":{"line":153,"column":15}},"153":{"start":{"line":154,"column":0},"end":{"line":154,"column":9}},"154":{"start":{"line":155,"column":0},"end":{"line":155,"column":0}},"155":{"start":{"line":156,"column":0},"end":{"line":156,"column":45}},"156":{"start":{"line":157,"column":0},"end":{"line":157,"column":0}},"157":{"start":{"line":158,"column":0},"end":{"line":158,"column":31}},"158":{"start":{"line":159,"column":0},"end":{"line":159,"column":24}},"159":{"start":{"line":160,"column":0},"end":{"line":160,"column":41}},"160":{"start":{"line":161,"column":0},"end":{"line":161,"column":49}},"161":{"start":{"line":162,"column":0},"end":{"line":162,"column":65}},"162":{"start":{"line":163,"column":0},"end":{"line":163,"column":15}},"163":{"start":{"line":164,"column":0},"end":{"line":164,"column":9}},"164":{"start":{"line":165,"column":0},"end":{"line":165,"column":0}},"165":{"start":{"line":166,"column":0},"end":{"line":166,"column":99}},"166":{"start":{"line":167,"column":0},"end":{"line":167,"column":40}},"167":{"start":{"line":168,"column":0},"end":{"line":168,"column":41}},"168":{"start":{"line":169,"column":0},"end":{"line":169,"column":39}},"169":{"start":{"line":170,"column":0},"end":{"line":170,"column":64}},"170":{"start":{"line":171,"column":0},"end":{"line":171,"column":15}},"171":{"start":{"line":172,"column":0},"end":{"line":172,"column":9}},"172":{"start":{"line":173,"column":0},"end":{"line":173,"column":0}},"173":{"start":{"line":174,"column":0},"end":{"line":174,"column":50}},"174":{"start":{"line":175,"column":0},"end":{"line":175,"column":33}},"175":{"start":{"line":176,"column":0},"end":{"line":176,"column":41}},"176":{"start":{"line":177,"column":0},"end":{"line":177,"column":42}},"177":{"start":{"line":178,"column":0},"end":{"line":178,"column":62}},"178":{"start":{"line":179,"column":0},"end":{"line":179,"column":15}},"179":{"start":{"line":180,"column":0},"end":{"line":180,"column":9}},"180":{"start":{"line":181,"column":0},"end":{"line":181,"column":0}},"181":{"start":{"line":182,"column":0},"end":{"line":182,"column":49}},"182":{"start":{"line":183,"column":0},"end":{"line":183,"column":0}},"183":{"start":{"line":184,"column":0},"end":{"line":184,"column":70}},"184":{"start":{"line":185,"column":0},"end":{"line":185,"column":18}},"185":{"start":{"line":186,"column":0},"end":{"line":186,"column":49}},"186":{"start":{"line":187,"column":0},"end":{"line":187,"column":30}},"187":{"start":{"line":188,"column":0},"end":{"line":188,"column":11}},"188":{"start":{"line":189,"column":0},"end":{"line":189,"column":17}},"189":{"start":{"line":190,"column":0},"end":{"line":190,"column":58}},"190":{"start":{"line":191,"column":0},"end":{"line":191,"column":0}},"191":{"start":{"line":192,"column":0},"end":{"line":192,"column":45}},"192":{"start":{"line":193,"column":0},"end":{"line":193,"column":69}},"193":{"start":{"line":194,"column":0},"end":{"line":194,"column":9}},"194":{"start":{"line":195,"column":0},"end":{"line":195,"column":0}},"195":{"start":{"line":196,"column":0},"end":{"line":196,"column":16}},"196":{"start":{"line":197,"column":0},"end":{"line":197,"column":5}},"197":{"start":{"line":198,"column":0},"end":{"line":198,"column":2}}},"s":{"0":1,"1":1,"2":1,"3":1,"4":1,"5":1,"6":1,"7":1,"8":1,"9":1,"10":1,"11":1,"12":1,"13":1,"14":0,"15":0,"16":0,"17":0,"18":0,"19":0,"20":0,"21":0,"22":0,"23":0,"24":0,"25":0,"26":0,"27":0,"28":0,"29":1,"30":1,"31":0,"32":0,"33":0,"34":0,"35":0,"36":0,"37":0,"38":0,"39":0,"40":0,"41":0,"42":0,"43":0,"44":0,"45":0,"46":0,"47":0,"48":0,"49":0,"50":0,"51":0,"52":0,"53":0,"54":0,"55":0,"56":0,"57":0,"58":0,"59":0,"60":0,"61":0,"62":1,"63":1,"64":0,"65":0,"66":0,"67":0,"68":0,"69":0,"70":0,"71":0,"72":0,"73":0,"74":0,"75":0,"76":0,"77":0,"78":0,"79":0,"80":0,"81":0,"82":0,"83":0,"84":0,"85":0,"86":0,"87":0,"88":0,"89":0,"90":0,"91":0,"92":0,"93":0,"94":0,"95":0,"96":0,"97":0,"98":0,"99":0,"100":0,"101":0,"102":0,"103":0,"104":0,"105":0,"106":0,"107":0,"108":0,"109":0,"110":0,"111":0,"112":0,"113":0,"114":0,"115":0,"116":0,"117":0,"118":0,"119":0,"120":0,"121":0,"122":0,"123":0,"124":0,"125":0,"126":0,"127":0,"128":0,"129":0,"130":0,"131":0,"132":0,"133":0,"134":0,"135":0,"136":0,"137":0,"138":0,"139":0,"140":1,"141":1,"142":0,"143":0,"144":0,"145":0,"146":0,"147":0,"148":0,"149":0,"150":0,"151":0,"152":0,"153":0,"154":0,"155":0,"156":0,"157":0,"158":0,"159":0,"160":0,"161":0,"162":0,"163":0,"164":0,"165":0,"166":0,"167":0,"168":0,"169":0,"170":0,"171":0,"172":0,"173":0,"174":0,"175":0,"176":0,"177":0,"178":0,"179":0,"180":0,"181":0,"182":0,"183":0,"184":0,"185":0,"186":0,"187":0,"188":0,"189":0,"190":0,"191":0,"192":0,"193":0,"194":0,"195":0,"196":0,"197":0},"branchMap":{},"b":{},"fnMap":{"0":{"name":"fetchAllUsers","decl":{"start":{"line":14,"column":29},"end":{"line":29,"column":2}},"loc":{"start":{"line":14,"column":29},"end":{"line":29,"column":2}},"line":14},"1":{"name":"fetchUserById","decl":{"start":{"line":31,"column":29},"end":{"line":62,"column":2}},"loc":{"start":{"line":31,"column":29},"end":{"line":62,"column":2}},"line":31},"2":{"name":"updateUserById","decl":{"start":{"line":64,"column":30},"end":{"line":140,"column":2}},"loc":{"start":{"line":64,"column":30},"end":{"line":140,"column":2}},"line":64},"3":{"name":"deleteUserById","decl":{"start":{"line":142,"column":30},"end":{"line":198,"column":2}},"loc":{"start":{"line":142,"column":30},"end":{"line":198,"column":2}},"line":142}},"f":{"0":0,"1":0,"2":0,"3":0}}
,"C:\\Users\\yosef\\OneDrive\\Desktop\\Projects\\acquisitions\\src\\middleware\\auth.middleware.js": {"path":"C:\\Users\\yosef\\OneDrive\\Desktop\\Projects\\acquisitions\\src\\middleware\\auth.middleware.js","all":false,"statementMap":{"0":{"start":{"line":1,"column":0},"end":{"line":1,"column":39}},"1":{"start":{"line":2,"column":0},"end":{"line":2,"column":41}},"2":{"start":{"line":3,"column":0},"end":{"line":3,"column":0}},"3":{"start":{"line":4,"column":0},"end":{"line":4,"column":54}},"4":{"start":{"line":5,"column":0},"end":{"line":5,"column":9}},"5":{"start":{"line":6,"column":0},"end":{"line":6,"column":40}},"6":{"start":{"line":7,"column":0},"end":{"line":7,"column":0}},"7":{"start":{"line":8,"column":0},"end":{"line":8,"column":21}},"8":{"start":{"line":9,"column":0},"end":{"line":9,"column":41}},"9":{"start":{"line":10,"column":0},"end":{"line":10,"column":49}},"10":{"start":{"line":11,"column":0},"end":{"line":11,"column":52}},"11":{"start":{"line":12,"column":0},"end":{"line":12,"column":15}},"12":{"start":{"line":13,"column":0},"end":{"line":13,"column":9}},"13":{"start":{"line":14,"column":0},"end":{"line":14,"column":0}},"14":{"start":{"line":15,"column":0},"end":{"line":15,"column":47}},"15":{"start":{"line":16,"column":0},"end":{"line":16,"column":27}},"16":{"start":{"line":17,"column":0},"end":{"line":17,"column":0}},"17":{"start":{"line":18,"column":0},"end":{"line":18,"column":78}},"18":{"start":{"line":19,"column":0},"end":{"line":19,"column":15}},"19":{"start":{"line":20,"column":0},"end":{"line":20,"column":17}},"20":{"start":{"line":21,"column":0},"end":{"line":21,"column":49}},"21":{"start":{"line":22,"column":0},"end":{"line":22,"column":0}},"22":{"start":{"line":23,"column":0},"end":{"line":23,"column":59}},"23":{"start":{"line":24,"column":0},"end":{"line":24,"column":41}},"24":{"start":{"line":25,"column":0},"end":{"line":25,"column":47}},"25":{"start":{"line":26,"column":0},"end":{"line":26,"column":52}},"26":{"start":{"line":27,"column":0},"end":{"line":27,"column":15}},"27":{"start":{"line":28,"column":0},"end":{"line":28,"column":9}},"28":{"start":{"line":29,"column":0},"end":{"line":29,"column":0}},"29":{"start":{"line":30,"column":0},"end":{"line":30,"column":37}},"30":{"start":{"line":31,"column":0},"end":{"line":31,"column":43}},"31":{"start":{"line":32,"column":0},"end":{"line":32,"column":51}},"32":{"start":{"line":33,"column":0},"end":{"line":33,"column":11}},"33":{"start":{"line":34,"column":0},"end":{"line":34,"column":5}},"34":{"start":{"line":35,"column":0},"end":{"line":35,"column":2}},"35":{"start":{"line":36,"column":0},"end":{"line":36,"column":0}},"36":{"start":{"line":37,"column":0},"end":{"line":37,"column":44}},"37":{"start":{"line":38,"column":0},"end":{"line":38,"column":32}},"38":{"start":{"line":39,"column":0},"end":{"line":39,"column":13}},"39":{"start":{"line":40,"column":0},"end":{"line":40,"column":28}},"40":{"start":{"line":41,"column":0},"end":{"line":41,"column":45}},"41":{"start":{"line":42,"column":0},"end":{"line":42,"column":53}},"42":{"start":{"line":43,"column":0},"end":{"line":43,"column":54}},"43":{"start":{"line":44,"column":0},"end":{"line":44,"column":19}},"44":{"start":{"line":45,"column":0},"end":{"line":45,"column":13}},"45":{"start":{"line":46,"column":0},"end":{"line":46,"column":0}},"46":{"start":{"line":47,"column":0},"end":{"line":47,"column":56}},"47":{"start":{"line":48,"column":0},"end":{"line":48,"column":28}},"48":{"start":{"line":49,"column":0},"end":{"line":49,"column":127}},"49":{"start":{"line":50,"column":0},"end":{"line":50,"column":18}},"50":{"start":{"line":51,"column":0},"end":{"line":51,"column":45}},"51":{"start":{"line":52,"column":0},"end":{"line":52,"column":43}},"52":{"start":{"line":53,"column":0},"end":{"line":53,"column":56}},"53":{"start":{"line":54,"column":0},"end":{"line":54,"column":19}},"54":{"start":{"line":55,"column":0},"end":{"line":55,"column":13}},"55":{"start":{"line":56,"column":0},"end":{"line":56,"column":0}},"56":{"start":{"line":57,"column":0},"end":{"line":57,"column":19}},"57":{"start":{"line":58,"column":0},"end":{"line":58,"column":21}},"58":{"start":{"line":59,"column":0},"end":{"line":59,"column":56}},"59":{"start":{"line":60,"column":0},"end":{"line":60,"column":41}},"60":{"start":{"line":61,"column":0},"end":{"line":61,"column":47}},"61":{"start":{"line":62,"column":0},"end":{"line":62,"column":58}},"62":{"start":{"line":63,"column":0},"end":{"line":63,"column":15}},"63":{"start":{"line":64,"column":0},"end":{"line":64,"column":9}},"64":{"start":{"line":65,"column":0},"end":{"line":65,"column":6}},"65":{"start":{"line":66,"column":0},"end":{"line":66,"column":2}}},"s":{"0":1,"1":1,"2":1,"3":1,"4":0,"5":0,"6":0,"7":0,"8":0,"9":0,"10":0,"11":0,"12":0,"13":0,"14":0,"15":0,"16":0,"17":0,"18":0,"19":0,"20":0,"21":0,"22":0,"23":0,"24":0,"25":0,"26":0,"27":0,"28":0,"29":0,"30":0,"31":0,"32":0,"33":0,"34":0,"35":1,"36":1,"37":2,"38":0,"39":0,"40":0,"41":0,"42":0,"43":0,"44":0,"45":0,"46":0,"47":0,"48":0,"49":0,"50":0,"51":0,"52":0,"53":0,"54":0,"55":0,"56":0,"57":0,"58":0,"59":0,"60":0,"61":0,"62":0,"63":0,"64":2,"65":2},"branchMap":{"0":{"type":"branch","line":37,"loc":{"start":{"line":37,"column":27},"end":{"line":66,"column":2}},"locations":[{"start":{"line":37,"column":27},"end":{"line":66,"column":2}}]}},"b":{"0":[2]},"fnMap":{"0":{"name":"authenticateToken","decl":{"start":{"line":4,"column":33},"end":{"line":35,"column":2}},"loc":{"start":{"line":4,"column":33},"end":{"line":35,"column":2}},"line":4},"1":{"name":"requireRole","decl":{"start":{"line":37,"column":27},"end":{"line":66,"column":2}},"loc":{"start":{"line":37,"column":27},"end":{"line":66,"column":2}},"line":37}},"f":{"0":0,"1":2}}
,"C:\\Users\\yosef\\OneDrive\\Desktop\\Projects\\acquisitions\\src\\middleware\\security.middleware.js": {"path":"C:\\Users\\yosef\\OneDrive\\Desktop\\Projects\\acquisitions\\src\\middleware\\security.middleware.js","all":false,"statementMap":{"0":{"start":{"line":1,"column":0},"end":{"line":1,"column":24}},"1":{"start":{"line":2,"column":0},"end":{"line":2,"column":35}},"2":{"start":{"line":3,"column":0},"end":{"line":3,"column":45}},"3":{"start":{"line":4,"column":0},"end":{"line":4,"column":39}},"4":{"start":{"line":5,"column":0},"end":{"line":5,"column":0}},"5":{"start":{"line":6,"column":0},"end":{"line":6,"column":17}},"6":{"start":{"line":7,"column":0},"end":{"line":7,"column":97}},"7":{"start":{"line":8,"column":0},"end":{"line":8,"column":96}},"8":{"start":{"line":9,"column":0},"end":{"line":9,"column":97}},"9":{"start":{"line":10,"column":0},"end":{"line":10,"column":2}},"10":{"start":{"line":11,"column":0},"end":{"line":11,"column":0}},"11":{"start":{"line":12,"column":0},"end":{"line":12,"column":66}},"12":{"start":{"line":13,"column":0},"end":{"line":13,"column":7}},"13":{"start":{"line":14,"column":0},"end":{"line":14,"column":43}},"14":{"start":{"line":15,"column":0},"end":{"line":15,"column":50}},"15":{"start":{"line":16,"column":0},"end":{"line":16,"column":0}},"16":{"start":{"line":17,"column":0},"end":{"line":17,"column":72}},"17":{"start":{"line":18,"column":0},"end":{"line":18,"column":48}},"18":{"start":{"line":19,"column":0},"end":{"line":19,"column":55}},"19":{"start":{"line":20,"column":0},"end":{"line":20,"column":63}},"20":{"start":{"line":21,"column":0},"end":{"line":21,"column":7}},"21":{"start":{"line":22,"column":0},"end":{"line":22,"column":33}},"22":{"start":{"line":23,"column":0},"end":{"line":23,"column":0}},"23":{"start":{"line":24,"column":0},"end":{"line":24,"column":23}},"24":{"start":{"line":25,"column":0},"end":{"line":25,"column":29}},"25":{"start":{"line":26,"column":0},"end":{"line":26,"column":21}},"26":{"start":{"line":27,"column":0},"end":{"line":27,"column":71}},"27":{"start":{"line":28,"column":0},"end":{"line":28,"column":85}},"28":{"start":{"line":29,"column":0},"end":{"line":29,"column":7}},"29":{"start":{"line":30,"column":0},"end":{"line":30,"column":0}},"30":{"start":{"line":31,"column":0},"end":{"line":31,"column":57}},"31":{"start":{"line":32,"column":0},"end":{"line":32,"column":105}},"32":{"start":{"line":33,"column":0},"end":{"line":33,"column":5}},"33":{"start":{"line":34,"column":0},"end":{"line":34,"column":60}},"34":{"start":{"line":35,"column":0},"end":{"line":35,"column":105}},"35":{"start":{"line":36,"column":0},"end":{"line":36,"column":5}},"36":{"start":{"line":37,"column":0},"end":{"line":37,"column":63}},"37":{"start":{"line":38,"column":0},"end":{"line":38,"column":98}},"38":{"start":{"line":39,"column":0},"end":{"line":39,"column":5}},"39":{"start":{"line":40,"column":0},"end":{"line":40,"column":0}},"40":{"start":{"line":41,"column":0},"end":{"line":41,"column":11}},"41":{"start":{"line":42,"column":0},"end":{"line":42,"column":15}},"42":{"start":{"line":43,"column":0},"end":{"line":43,"column":47}},"43":{"start":{"line":44,"column":0},"end":{"line":44,"column":61}},"44":{"start":{"line":45,"column":0},"end":{"line":45,"column":3}},"45":{"start":{"line":46,"column":0},"end":{"line":46,"column":1}}},"s":{"0":1,"1":1,"2":1,"3":1,"4":1,"5":1,"6":1,"7":1,"8":1,"9":1,"10":1,"11":1,"12":3,"13":3,"14":3,"15":3,"16":3,"17":3,"18":3,"19":3,"20":3,"21":3,"22":3,"23":3,"24":3,"25":3,"26":3,"27":3,"28":3,"29":3,"30":3,"31":0,"32":0,"33":3,"34":0,"35":0,"36":3,"37":0,"38":0,"39":3,"40":3,"41":3,"42":0,"43":0,"44":0,"45":3},"branchMap":{"0":{"type":"branch","line":12,"loc":{"start":{"line":12,"column":15},"end":{"line":46,"column":1}},"locations":[{"start":{"line":12,"column":15},"end":{"line":46,"column":1}}]},"1":{"type":"branch","line":14,"loc":{"start":{"line":14,"column":25},"end":{"line":14,"column":31}},"locations":[{"start":{"line":14,"column":25},"end":{"line":14,"column":31}}]},"2":{"type":"branch","line":15,"loc":{"start":{"line":15,"column":32},"end":{"line":15,"column":49}},"locations":[{"start":{"line":15,"column":32},"end":{"line":15,"column":49}}]},"3":{"type":"branch","line":19,"loc":{"start":{"line":19,"column":22},"end":{"line":19,"column":26}},"locations":[{"start":{"line":19,"column":22},"end":{"line":19,"column":26}}]},"4":{"type":"branch","line":20,"loc":{"start":{"line":20,"column":28},"end":{"line":20,"column":32}},"locations":[{"start":{"line":20,"column":28},"end":{"line":20,"column":32}}]},"5":{"type":"branch","line":31,"loc":{"start":{"line":31,"column":27},"end":{"line":31,"column":54}},"locations":[{"start":{"line":31,"column":27},"end":{"line":31,"column":54}}]},"6":{"type":"branch","line":31,"loc":{"start":{"line":31,"column":56},"end":{"line":33,"column":5}},"locations":[{"start":{"line":31,"column":56},"end":{"line":33,"column":5}}]},"7":{"type":"branch","line":34,"loc":{"start":{"line":34,"column":27},"end":{"line":34,"column":57}},"locations":[{"start":{"line":34,"column":27},"end":{"line":34,"column":57}}]},"8":{"type":"branch","line":34,"loc":{"start":{"line":34,"column":59},"end":{"line":36,"column":5}},"locations":[{"start":{"line":34,"column":59},"end":{"line":36,"column":5}}]},"9":{"type":"branch","line":37,"loc":{"start":{"line":37,"column":27},"end":{"line":37,"column":60}},"locations":[{"start":{"line":37,"column":27},"end":{"line":37,"column":60}}]},"10":{"type":"branch","line":37,"loc":{"start":{"line":37,"column":62},"end":{"line":39,"column":5}},"locations":[{"start":{"line":37,"column":62},"end":{"line":39,"column":5}}]},"11":{"type":"branch","line":42,"loc":{"start":{"line":42,"column":4},"end":{"line":45,"column":3}},"locations":[{"start":{"line":42,"column":4},"end":{"line":45,"column":3}}]}},"b":{"0":[3],"1":[0],"2":[0],"3":[0],"4":[0],"5":[0],"6":[0],"7":[0],"8":[0],"9":[0],"10":[0],"11":[0]},"fnMap":{"0":{"name":"securityMiddleware","decl":{"start":{"line":12,"column":15},"end":{"line":46,"column":1}},"loc":{"start":{"line":12,"column":15},"end":{"line":46,"column":1}},"line":12}},"f":{"0":3}}
,"C:\\Users\\yosef\\OneDrive\\Desktop\\Projects\\acquisitions\\src\\models\\user.model.js": {"path":"C:\\Users\\yosef\\OneDrive\\Desktop\\Projects\\acquisitions\\src\\models\\user.model.js","all":false,"statementMap":{"0":{"start":{"line":1,"column":0},"end":{"line":1,"column":74}},"1":{"start":{"line":2,"column":0},"end":{"line":2,"column":0}},"2":{"start":{"line":3,"column":0},"end":{"line":3,"column":39}},"3":{"start":{"line":4,"column":0},"end":{"line":4,"column":34}},"4":{"start":{"line":5,"column":0},"end":{"line":5,"column":53}},"5":{"start":{"line":6,"column":0},"end":{"line":6,"column":64}},"6":{"start":{"line":7,"column":0},"end":{"line":7,"column":61}},"7":{"start":{"line":8,"column":0},"end":{"line":8,"column":68}},"8":{"start":{"line":9,"column":0},"end":{"line":9,"column":51}},"9":{"start":{"line":10,"column":0},"end":{"line":10,"column":51}},"10":{"start":{"line":11,"column":0},"end":{"line":11,"column":3}},"11":{"start":{"line":12,"column":0},"end":{"line":12,"column":32}}},"s":{"0":1,"1":1,"2":1,"3":1,"4":1,"5":1,"6":1,"7":1,"8":1,"9":1,"10":1,"11":1},"branchMap":{},"b":{},"fnMap":{},"f":{}}
,"C:\\Users\\yosef\\OneDrive\\Desktop\\Projects\\acquisitions\\src\\routes\\api.routes.js": {"path":"C:\\Users\\yosef\\OneDrive\\Desktop\\Projects\\acquisitions\\src\\routes\\api.routes.js","all":false,"statementMap":{"0":{"start":{"line":1,"column":0},"end":{"line":1,"column":26}},"1":{"start":{"line":2,"column":0},"end":{"line":2,"column":33}},"2":{"start":{"line":3,"column":0},"end":{"line":3,"column":50}},"3":{"start":{"line":4,"column":0},"end":{"line":4,"column":0}},"4":{"start":{"line":5,"column":0},"end":{"line":5,"column":24}},"5":{"start":{"line":6,"column":0},"end":{"line":6,"column":0}},"6":{"start":{"line":7,"column":0},"end":{"line":7,"column":65}},"7":{"start":{"line":8,"column":0},"end":{"line":8,"column":0}},"8":{"start":{"line":9,"column":0},"end":{"line":9,"column":22}}},"s":{"0":1,"1":1,"2":1,"3":1,"4":1,"5":1,"6":1,"7":1,"8":1},"branchMap":{},"b":{},"fnMap":{},"f":{}}
,"C:\\Users\\yosef\\OneDrive\\Desktop\\Projects\\acquisitions\\src\\routes\\auth.routes.js": {"path":"C:\\Users\\yosef\\OneDrive\\Desktop\\Projects\\acquisitions\\src\\routes\\auth.routes.js","all":false,"statementMap":{"0":{"start":{"line":1,"column":0},"end":{"line":1,"column":30}},"1":{"start":{"line":2,"column":0},"end":{"line":2,"column":74}},"2":{"start":{"line":3,"column":0},"end":{"line":3,"column":0}},"3":{"start":{"line":4,"column":0},"end":{"line":4,"column":32}},"4":{"start":{"line":5,"column":0},"end":{"line":5,"column":0}},"5":{"start":{"line":6,"column":0},"end":{"line":6,"column":32}},"6":{"start":{"line":7,"column":0},"end":{"line":7,"column":32}},"7":{"start":{"line":8,"column":0},"end":{"line":8,"column":34}},"8":{"start":{"line":9,"column":0},"end":{"line":9,"column":0}},"9":{"start":{"line":10,"column":0},"end":{"line":10,"column":21}}},"s":{"0":1,"1":1,"2":1,"3":1,"4":1,"5":1,"6":1,"7":1,"8":1,"9":1},"branchMap":{},"b":{},"fnMap":{},"f":{}}
,"C:\\Users\\yosef\\OneDrive\\Desktop\\Projects\\acquisitions\\src\\routes\\users.routes.js": {"path":"C:\\Users\\yosef\\OneDrive\\Desktop\\Projects\\acquisitions\\src\\routes\\users.routes.js","all":false,"statementMap":{"0":{"start":{"line":1,"column":0},"end":{"line":1,"column":33}},"1":{"start":{"line":2,"column":0},"end":{"line":2,"column":8}},"2":{"start":{"line":3,"column":0},"end":{"line":3,"column":18}},"3":{"start":{"line":4,"column":0},"end":{"line":4,"column":18}},"4":{"start":{"line":5,"column":0},"end":{"line":5,"column":19}},"5":{"start":{"line":6,"column":0},"end":{"line":6,"column":19}},"6":{"start":{"line":7,"column":0},"end":{"line":7,"column":42}},"7":{"start":{"line":8,"column":0},"end":{"line":8,"column":0}},"8":{"start":{"line":9,"column":0},"end":{"line":9,"column":81}},"9":{"start":{"line":10,"column":0},"end":{"line":10,"column":80}},"10":{"start":{"line":11,"column":0},"end":{"line":11,"column":0}},"11":{"start":{"line":12,"column":0},"end":{"line":12,"column":24}},"12":{"start":{"line":13,"column":0},"end":{"line":13,"column":0}},"13":{"start":{"line":14,"column":0},"end":{"line":14,"column":33}},"14":{"start":{"line":15,"column":0},"end":{"line":15,"column":74}},"15":{"start":{"line":16,"column":0},"end":{"line":16,"column":0}},"16":{"start":{"line":17,"column":0},"end":{"line":17,"column":48}},"17":{"start":{"line":18,"column":0},"end":{"line":18,"column":53}},"18":{"start":{"line":19,"column":0},"end":{"line":19,"column":0}},"19":{"start":{"line":20,"column":0},"end":{"line":20,"column":81}},"20":{"start":{"line":21,"column":0},"end":{"line":21,"column":54}},"21":{"start":{"line":22,"column":0},"end":{"line":22,"column":0}},"22":{"start":{"line":23,"column":0},"end":{"line":23,"column":38}},"23":{"start":{"line":24,"column":0},"end":{"line":24,"column":81}},"24":{"start":{"line":25,"column":0},"end":{"line":25,"column":0}},"25":{"start":{"line":26,"column":0},"end":{"line":26,"column":22}}},"s":{"0":1,"1":1,"2":1,"3":1,"4":1,"5":1,"6":1,"7":1,"8":1,"9":1,"10":1,"11":1,"12":1,"13":1,"14":1,"15":1,"16":1,"17":1,"18":1,"19":1,"20":1,"21":1,"22":1,"23":1,"24":1,"25":1},"branchMap":{},"b":{},"fnMap":{},"f":{}}
,"C:\\Users\\yosef\\OneDrive\\Desktop\\Projects\\acquisitions\\src\\services\\auth.service.js": {"path":"C:\\Users\\yosef\\OneDrive\\Desktop\\Projects\\acquisitions\\src\\services\\auth.service.js","all":false,"statementMap":{"0":{"start":{"line":1,"column":0},"end":{"line":1,"column":39}},"1":{"start":{"line":2,"column":0},"end":{"line":2,"column":28}},"2":{"start":{"line":3,"column":0},"end":{"line":3,"column":33}},"3":{"start":{"line":4,"column":0},"end":{"line":4,"column":41}},"4":{"start":{"line":5,"column":0},"end":{"line":5,"column":46}},"5":{"start":{"line":6,"column":0},"end":{"line":6,"column":0}},"6":{"start":{"line":7,"column":0},"end":{"line":7,"column":47}},"7":{"start":{"line":8,"column":0},"end":{"line":8,"column":9}},"8":{"start":{"line":9,"column":0},"end":{"line":9,"column":47}},"9":{"start":{"line":10,"column":0},"end":{"line":10,"column":17}},"10":{"start":{"line":11,"column":0},"end":{"line":11,"column":57}},"11":{"start":{"line":12,"column":0},"end":{"line":12,"column":41}},"12":{"start":{"line":13,"column":0},"end":{"line":13,"column":5}},"13":{"start":{"line":14,"column":0},"end":{"line":14,"column":2}},"14":{"start":{"line":15,"column":0},"end":{"line":15,"column":0}},"15":{"start":{"line":16,"column":0},"end":{"line":16,"column":68}},"16":{"start":{"line":17,"column":0},"end":{"line":17,"column":9}},"17":{"start":{"line":18,"column":0},"end":{"line":18,"column":62}},"18":{"start":{"line":19,"column":0},"end":{"line":19,"column":17}},"19":{"start":{"line":20,"column":0},"end":{"line":20,"column":55}},"20":{"start":{"line":21,"column":0},"end":{"line":21,"column":52}},"21":{"start":{"line":22,"column":0},"end":{"line":22,"column":5}},"22":{"start":{"line":23,"column":0},"end":{"line":23,"column":2}},"23":{"start":{"line":24,"column":0},"end":{"line":24,"column":0}},"24":{"start":{"line":25,"column":0},"end":{"line":25,"column":79}},"25":{"start":{"line":26,"column":0},"end":{"line":26,"column":9}},"26":{"start":{"line":27,"column":0},"end":{"line":27,"column":33}},"27":{"start":{"line":28,"column":0},"end":{"line":28,"column":37}},"28":{"start":{"line":29,"column":0},"end":{"line":29,"column":24}},"29":{"start":{"line":30,"column":0},"end":{"line":30,"column":42}},"30":{"start":{"line":31,"column":0},"end":{"line":31,"column":22}},"31":{"start":{"line":32,"column":0},"end":{"line":32,"column":0}},"32":{"start":{"line":33,"column":0},"end":{"line":33,"column":84}},"33":{"start":{"line":34,"column":0},"end":{"line":34,"column":0}},"34":{"start":{"line":35,"column":0},"end":{"line":35,"column":59}},"35":{"start":{"line":36,"column":0},"end":{"line":36,"column":0}},"36":{"start":{"line":37,"column":0},"end":{"line":37,"column":48}},"37":{"start":{"line":38,"column":0},"end":{"line":38,"column":67}},"38":{"start":{"line":39,"column":0},"end":{"line":39,"column":24}},"39":{"start":{"line":40,"column":0},"end":{"line":40,"column":114}},"40":{"start":{"line":41,"column":0},"end":{"line":41,"column":15}},"41":{"start":{"line":42,"column":0},"end":{"line":42,"column":0}},"42":{"start":{"line":43,"column":0},"end":{"line":43,"column":23}},"43":{"start":{"line":44,"column":0},"end":{"line":44,"column":17}},"44":{"start":{"line":45,"column":0},"end":{"line":45,"column":16}},"45":{"start":{"line":46,"column":0},"end":{"line":46,"column":5}},"46":{"start":{"line":47,"column":0},"end":{"line":47,"column":2}},"47":{"start":{"line":48,"column":0},"end":{"line":48,"column":0}},"48":{"start":{"line":49,"column":0},"end":{"line":49,"column":64}},"49":{"start":{"line":50,"column":0},"end":{"line":50,"column":9}},"50":{"start":{"line":51,"column":0},"end":{"line":51,"column":39}},"51":{"start":{"line":52,"column":0},"end":{"line":52,"column":21}},"52":{"start":{"line":53,"column":0},"end":{"line":53,"column":24}},"53":{"start":{"line":54,"column":0},"end":{"line":54,"column":42}},"54":{"start":{"line":55,"column":0},"end":{"line":55,"column":22}},"55":{"start":{"line":56,"column":0},"end":{"line":56,"column":0}},"56":{"start":{"line":57,"column":0},"end":{"line":57,"column":28}},"57":{"start":{"line":58,"column":0},"end":{"line":58,"column":46}},"58":{"start":{"line":59,"column":0},"end":{"line":59,"column":9}},"59":{"start":{"line":60,"column":0},"end":{"line":60,"column":0}},"60":{"start":{"line":61,"column":0},"end":{"line":61,"column":54}},"61":{"start":{"line":62,"column":0},"end":{"line":62,"column":21}},"62":{"start":{"line":63,"column":0},"end":{"line":63,"column":33}},"63":{"start":{"line":64,"column":0},"end":{"line":64,"column":10}},"64":{"start":{"line":65,"column":0},"end":{"line":65,"column":0}},"65":{"start":{"line":66,"column":0},"end":{"line":66,"column":31}},"66":{"start":{"line":67,"column":0},"end":{"line":67,"column":48}},"67":{"start":{"line":68,"column":0},"end":{"line":68,"column":9}},"68":{"start":{"line":69,"column":0},"end":{"line":69,"column":0}},"69":{"start":{"line":70,"column":0},"end":{"line":70,"column":77}},"70":{"start":{"line":71,"column":0},"end":{"line":71,"column":16}},"71":{"start":{"line":72,"column":0},"end":{"line":72,"column":32}},"72":{"start":{"line":73,"column":0},"end":{"line":73,"column":36}},"73":{"start":{"line":74,"column":0},"end":{"line":74,"column":38}},"74":{"start":{"line":75,"column":0},"end":{"line":75,"column":36}},"75":{"start":{"line":76,"column":0},"end":{"line":76,"column":48}},"76":{"start":{"line":77,"column":0},"end":{"line":77,"column":10}},"77":{"start":{"line":78,"column":0},"end":{"line":78,"column":17}},"78":{"start":{"line":79,"column":0},"end":{"line":79,"column":56}},"79":{"start":{"line":80,"column":0},"end":{"line":80,"column":16}},"80":{"start":{"line":81,"column":0},"end":{"line":81,"column":5}},"81":{"start":{"line":82,"column":0},"end":{"line":82,"column":2}}},"s":{"0":1,"1":1,"2":1,"3":1,"4":1,"5":1,"6":1,"7":0,"8":0,"9":0,"10":0,"11":0,"12":0,"13":0,"14":1,"15":1,"16":0,"17":0,"18":0,"19":0,"20":0,"21":0,"22":0,"23":1,"24":1,"25":0,"26":0,"27":0,"28":0,"29":0,"30":0,"31":0,"32":0,"33":0,"34":0,"35":0,"36":0,"37":0,"38":0,"39":0,"40":0,"41":0,"42":0,"43":0,"44":0,"45":0,"46":0,"47":1,"48":1,"49":0,"50":0,"51":0,"52":0,"53":0,"54":0,"55":0,"56":0,"57":0,"58":0,"59":0,"60":0,"61":0,"62":0,"63":0,"64":0,"65":0,"66":0,"67":0,"68":0,"69":0,"70":0,"71":0,"72":0,"73":0,"74":0,"75":0,"76":0,"77":0,"78":0,"79":0,"80":0,"81":0},"branchMap":{},"b":{},"fnMap":{"0":{"name":"hashPassword","decl":{"start":{"line":7,"column":28},"end":{"line":14,"column":2}},"loc":{"start":{"line":7,"column":28},"end":{"line":14,"column":2}},"line":7},"1":{"name":"comparePassword","decl":{"start":{"line":16,"column":31},"end":{"line":23,"column":2}},"loc":{"start":{"line":16,"column":31},"end":{"line":23,"column":2}},"line":16},"2":{"name":"createUser","decl":{"start":{"line":25,"column":26},"end":{"line":47,"column":2}},"loc":{"start":{"line":25,"column":26},"end":{"line":47,"column":2}},"line":25},"3":{"name":"authenticateUser","decl":{"start":{"line":49,"column":32},"end":{"line":82,"column":2}},"loc":{"start":{"line":49,"column":32},"end":{"line":82,"column":2}},"line":49}},"f":{"0":0,"1":0,"2":0,"3":0}}
,"C:\\Users\\yosef\\OneDrive\\Desktop\\Projects\\acquisitions\\src\\services\\users.service.js": {"path":"C:\\Users\\yosef\\OneDrive\\Desktop\\Projects\\acquisitions\\src\\services\\users.service.js","all":false,"statementMap":{"0":{"start":{"line":1,"column":0},"end":{"line":1,"column":39}},"1":{"start":{"line":2,"column":0},"end":{"line":2,"column":41}},"2":{"start":{"line":3,"column":0},"end":{"line":3,"column":46}},"3":{"start":{"line":4,"column":0},"end":{"line":4,"column":33}},"4":{"start":{"line":5,"column":0},"end":{"line":5,"column":0}},"5":{"start":{"line":6,"column":0},"end":{"line":6,"column":40}},"6":{"start":{"line":7,"column":0},"end":{"line":7,"column":9}},"7":{"start":{"line":8,"column":0},"end":{"line":8,"column":23}},"8":{"start":{"line":9,"column":0},"end":{"line":9,"column":21}},"9":{"start":{"line":10,"column":0},"end":{"line":10,"column":29}},"10":{"start":{"line":11,"column":0},"end":{"line":11,"column":35}},"11":{"start":{"line":12,"column":0},"end":{"line":12,"column":33}},"12":{"start":{"line":13,"column":0},"end":{"line":13,"column":33}},"13":{"start":{"line":14,"column":0},"end":{"line":14,"column":45}},"14":{"start":{"line":15,"column":0},"end":{"line":15,"column":45}},"15":{"start":{"line":16,"column":0},"end":{"line":16,"column":14}},"16":{"start":{"line":17,"column":0},"end":{"line":17,"column":25}},"17":{"start":{"line":18,"column":0},"end":{"line":18,"column":17}},"18":{"start":{"line":19,"column":0},"end":{"line":19,"column":47}},"19":{"start":{"line":20,"column":0},"end":{"line":20,"column":16}},"20":{"start":{"line":21,"column":0},"end":{"line":21,"column":5}},"21":{"start":{"line":22,"column":0},"end":{"line":22,"column":2}},"22":{"start":{"line":23,"column":0},"end":{"line":23,"column":0}},"23":{"start":{"line":24,"column":0},"end":{"line":24,"column":40}},"24":{"start":{"line":25,"column":0},"end":{"line":25,"column":9}},"25":{"start":{"line":26,"column":0},"end":{"line":26,"column":31}},"26":{"start":{"line":27,"column":0},"end":{"line":27,"column":21}},"27":{"start":{"line":28,"column":0},"end":{"line":28,"column":29}},"28":{"start":{"line":29,"column":0},"end":{"line":29,"column":35}},"29":{"start":{"line":30,"column":0},"end":{"line":30,"column":33}},"30":{"start":{"line":31,"column":0},"end":{"line":31,"column":33}},"31":{"start":{"line":32,"column":0},"end":{"line":32,"column":45}},"32":{"start":{"line":33,"column":0},"end":{"line":33,"column":45}},"33":{"start":{"line":34,"column":0},"end":{"line":34,"column":14}},"34":{"start":{"line":35,"column":0},"end":{"line":35,"column":24}},"35":{"start":{"line":36,"column":0},"end":{"line":36,"column":36}},"36":{"start":{"line":37,"column":0},"end":{"line":37,"column":22}},"37":{"start":{"line":38,"column":0},"end":{"line":38,"column":0}},"38":{"start":{"line":39,"column":0},"end":{"line":39,"column":20}},"39":{"start":{"line":40,"column":0},"end":{"line":40,"column":46}},"40":{"start":{"line":41,"column":0},"end":{"line":41,"column":9}},"41":{"start":{"line":42,"column":0},"end":{"line":42,"column":0}},"42":{"start":{"line":43,"column":0},"end":{"line":43,"column":20}},"43":{"start":{"line":44,"column":0},"end":{"line":44,"column":17}},"44":{"start":{"line":45,"column":0},"end":{"line":45,"column":59}},"45":{"start":{"line":46,"column":0},"end":{"line":46,"column":16}},"46":{"start":{"line":47,"column":0},"end":{"line":47,"column":5}},"47":{"start":{"line":48,"column":0},"end":{"line":48,"column":2}},"48":{"start":{"line":49,"column":0},"end":{"line":49,"column":0}},"49":{"start":{"line":50,"column":0},"end":{"line":50,"column":50}},"50":{"start":{"line":51,"column":0},"end":{"line":51,"column":9}},"51":{"start":{"line":52,"column":0},"end":{"line":52,"column":37}},"52":{"start":{"line":53,"column":0},"end":{"line":53,"column":51}},"53":{"start":{"line":54,"column":0},"end":{"line":54,"column":0}},"54":{"start":{"line":55,"column":0},"end":{"line":55,"column":67}},"55":{"start":{"line":56,"column":0},"end":{"line":56,"column":68}},"56":{"start":{"line":57,"column":0},"end":{"line":57,"column":42}},"57":{"start":{"line":58,"column":0},"end":{"line":58,"column":25}},"58":{"start":{"line":59,"column":0},"end":{"line":59,"column":28}},"59":{"start":{"line":60,"column":0},"end":{"line":60,"column":54}},"60":{"start":{"line":61,"column":0},"end":{"line":61,"column":26}},"61":{"start":{"line":62,"column":0},"end":{"line":62,"column":30}},"62":{"start":{"line":63,"column":0},"end":{"line":63,"column":56}},"63":{"start":{"line":64,"column":0},"end":{"line":64,"column":13}},"64":{"start":{"line":65,"column":0},"end":{"line":65,"column":9}},"65":{"start":{"line":66,"column":0},"end":{"line":66,"column":0}},"66":{"start":{"line":67,"column":0},"end":{"line":67,"column":35}},"67":{"start":{"line":68,"column":0},"end":{"line":68,"column":28}},"68":{"start":{"line":69,"column":0},"end":{"line":69,"column":23}},"69":{"start":{"line":70,"column":0},"end":{"line":70,"column":35}},"70":{"start":{"line":71,"column":0},"end":{"line":71,"column":10}},"71":{"start":{"line":72,"column":0},"end":{"line":72,"column":0}},"72":{"start":{"line":73,"column":0},"end":{"line":73,"column":38}},"73":{"start":{"line":74,"column":0},"end":{"line":74,"column":26}},"74":{"start":{"line":75,"column":0},"end":{"line":75,"column":28}},"75":{"start":{"line":76,"column":0},"end":{"line":76,"column":36}},"76":{"start":{"line":77,"column":0},"end":{"line":77,"column":24}},"77":{"start":{"line":78,"column":0},"end":{"line":78,"column":29}},"78":{"start":{"line":79,"column":0},"end":{"line":79,"column":35}},"79":{"start":{"line":80,"column":0},"end":{"line":80,"column":33}},"80":{"start":{"line":81,"column":0},"end":{"line":81,"column":33}},"81":{"start":{"line":82,"column":0},"end":{"line":82,"column":45}},"82":{"start":{"line":83,"column":0},"end":{"line":83,"column":45}},"83":{"start":{"line":84,"column":0},"end":{"line":84,"column":15}},"84":{"start":{"line":85,"column":0},"end":{"line":85,"column":0}},"85":{"start":{"line":86,"column":0},"end":{"line":86,"column":70}},"86":{"start":{"line":87,"column":0},"end":{"line":87,"column":27}},"87":{"start":{"line":88,"column":0},"end":{"line":88,"column":17}},"88":{"start":{"line":89,"column":0},"end":{"line":89,"column":54}},"89":{"start":{"line":90,"column":0},"end":{"line":90,"column":16}},"90":{"start":{"line":91,"column":0},"end":{"line":91,"column":5}},"91":{"start":{"line":92,"column":0},"end":{"line":92,"column":2}},"92":{"start":{"line":93,"column":0},"end":{"line":93,"column":0}},"93":{"start":{"line":94,"column":0},"end":{"line":94,"column":39}},"94":{"start":{"line":95,"column":0},"end":{"line":95,"column":9}},"95":{"start":{"line":96,"column":0},"end":{"line":96,"column":37}},"96":{"start":{"line":97,"column":0},"end":{"line":97,"column":30}},"97":{"start":{"line":98,"column":0},"end":{"line":98,"column":0}},"98":{"start":{"line":99,"column":0},"end":{"line":99,"column":38}},"99":{"start":{"line":100,"column":0},"end":{"line":100,"column":26}},"100":{"start":{"line":101,"column":0},"end":{"line":101,"column":36}},"101":{"start":{"line":102,"column":0},"end":{"line":102,"column":24}},"102":{"start":{"line":103,"column":0},"end":{"line":103,"column":29}},"103":{"start":{"line":104,"column":0},"end":{"line":104,"column":35}},"104":{"start":{"line":105,"column":0},"end":{"line":105,"column":33}},"105":{"start":{"line":106,"column":0},"end":{"line":106,"column":33}},"106":{"start":{"line":107,"column":0},"end":{"line":107,"column":15}},"107":{"start":{"line":108,"column":0},"end":{"line":108,"column":0}},"108":{"start":{"line":109,"column":0},"end":{"line":109,"column":70}},"109":{"start":{"line":110,"column":0},"end":{"line":110,"column":27}},"110":{"start":{"line":111,"column":0},"end":{"line":111,"column":17}},"111":{"start":{"line":112,"column":0},"end":{"line":112,"column":54}},"112":{"start":{"line":113,"column":0},"end":{"line":113,"column":16}},"113":{"start":{"line":114,"column":0},"end":{"line":114,"column":5}},"114":{"start":{"line":115,"column":0},"end":{"line":115,"column":2}}},"s":{"0":1,"1":1,"2":1,"3":1,"4":1,"5":1,"6":0,"7":0,"8":0,"9":0,"10":0,"11":0,"12":0,"13":0,"14":0,"15":0,"16":0,"17":0,"18":0,"19":0,"20":0,"21":0,"22":1,"23":1,"24":0,"25":0,"26":0,"27":0,"28":0,"29":0,"30":0,"31":0,"32":0,"33":0,"34":0,"35":0,"36":0,"37":0,"38":0,"39":0,"40":0,"41":0,"42":0,"43":0,"44":0,"45":0,"46":0,"47":0,"48":1,"49":1,"50":0,"51":0,"52":0,"53":0,"54":0,"55":0,"56":0,"57":0,"58":0,"59":0,"60":0,"61":0,"62":0,"63":0,"64":0,"65":0,"66":0,"67":0,"68":0,"69":0,"70":0,"71":0,"72":0,"73":0,"74":0,"75":0,"76":0,"77":0,"78":0,"79":0,"80":0,"81":0,"82":0,"83":0,"84":0,"85":0,"86":0,"87":0,"88":0,"89":0,"90":0,"91":0,"92":1,"93":1,"94":0,"95":0,"96":0,"97":0,"98":0,"99":0,"100":0,"101":0,"102":0,"103":0,"104":0,"105":0,"106":0,"107":0,"108":0,"109":0,"110":0,"111":0,"112":0,"113":0,"114":0},"branchMap":{},"b":{},"fnMap":{"0":{"name":"getAllUsers","decl":{"start":{"line":6,"column":27},"end":{"line":22,"column":2}},"loc":{"start":{"line":6,"column":27},"end":{"line":22,"column":2}},"line":6},"1":{"name":"getUserById","decl":{"start":{"line":24,"column":27},"end":{"line":48,"column":2}},"loc":{"start":{"line":24,"column":27},"end":{"line":48,"column":2}},"line":24},"2":{"name":"updateUser","decl":{"start":{"line":50,"column":26},"end":{"line":92,"column":2}},"loc":{"start":{"line":50,"column":26},"end":{"line":92,"column":2}},"line":50},"3":{"name":"deleteUser","decl":{"start":{"line":94,"column":26},"end":{"line":115,"column":2}},"loc":{"start":{"line":94,"column":26},"end":{"line":115,"column":2}},"line":94}},"f":{"0":0,"1":0,"2":0,"3":0}}
,"C:\\Users\\yosef\\OneDrive\\Desktop\\Projects\\acquisitions\\src\\utils\\cookies.js": {"path":"C:\\Users\\yosef\\OneDrive\\Desktop\\Projects\\acquisitions\\src\\utils\\cookies.js","all":false,"statementMap":{"0":{"start":{"line":1,"column":0},"end":{"line":1,"column":24}},"1":{"start":{"line":2,"column":0},"end":{"line":2,"column":24}},"2":{"start":{"line":3,"column":0},"end":{"line":3,"column":23}},"3":{"start":{"line":4,"column":0},"end":{"line":4,"column":54}},"4":{"start":{"line":5,"column":0},"end":{"line":5,"column":27}},"5":{"start":{"line":6,"column":0},"end":{"line":6,"column":31}},"6":{"start":{"line":7,"column":0},"end":{"line":7,"column":7}},"7":{"start":{"line":8,"column":0},"end":{"line":8,"column":0}},"8":{"start":{"line":9,"column":0},"end":{"line":9,"column":46}},"9":{"start":{"line":10,"column":0},"end":{"line":10,"column":73}},"10":{"start":{"line":11,"column":0},"end":{"line":11,"column":6}},"11":{"start":{"line":12,"column":0},"end":{"line":12,"column":0}},"12":{"start":{"line":13,"column":0},"end":{"line":13,"column":41}},"13":{"start":{"line":14,"column":0},"end":{"line":14,"column":71}},"14":{"start":{"line":15,"column":0},"end":{"line":15,"column":6}},"15":{"start":{"line":16,"column":0},"end":{"line":16,"column":0}},"16":{"start":{"line":17,"column":0},"end":{"line":17,"column":25}},"17":{"start":{"line":18,"column":0},"end":{"line":18,"column":33}},"18":{"start":{"line":19,"column":0},"end":{"line":19,"column":6}},"19":{"start":{"line":20,"column":0},"end":{"line":20,"column":2}}},"s":{"0":1,"1":1,"2":0,"3":0,"4":0,"5":0,"6":1,"7":1,"8":1,"9":0,"10":1,"11":1,"12":1,"13":0,"14":1,"15":1,"16":1,"17":0,"18":0,"19":1},"branchMap":{},"b":{},"fnMap":{"0":{"name":"getOptions","decl":{"start":{"line":2,"column":16},"end":{"line":7,"column":6}},"loc":{"start":{"line":2,"column":16},"end":{"line":7,"column":6}},"line":2},"1":{"name":"set","decl":{"start":{"line":9,"column":9},"end":{"line":11,"column":5}},"loc":{"start":{"line":9,"column":9},"end":{"line":11,"column":5}},"line":9},"2":{"name":"clear","decl":{"start":{"line":13,"column":11},"end":{"line":15,"column":5}},"loc":{"start":{"line":13,"column":11},"end":{"line":15,"column":5}},"line":13},"3":{"name":"get","decl":{"start":{"line":17,"column":9},"end":{"line":19,"column":6}},"loc":{"start":{"line":17,"column":9},"end":{"line":19,"column":6}},"line":17}},"f":{"0":0,"1":0,"2":0,"3":0}}
,"C:\\Users\\yosef\\OneDrive\\Desktop\\Projects\\acquisitions\\src\\utils\\format.js": {"path":"C:\\Users\\yosef\\OneDrive\\Desktop\\Projects\\acquisitions\\src\\utils\\format.js","all":false,"statementMap":{"0":{"start":{"line":1,"column":0},"end":{"line":1,"column":48}},"1":{"start":{"line":2,"column":0},"end":{"line":2,"column":62}},"2":{"start":{"line":3,"column":0},"end":{"line":3,"column":0}},"3":{"start":{"line":4,"column":0},"end":{"line":4,"column":37}},"4":{"start":{"line":5,"column":0},"end":{"line":5,"column":60}},"5":{"start":{"line":6,"column":0},"end":{"line":6,"column":0}},"6":{"start":{"line":7,"column":0},"end":{"line":7,"column":34}},"7":{"start":{"line":8,"column":0},"end":{"line":8,"column":2}}},"s":{"0":1,"1":0,"2":0,"3":0,"4":0,"5":0,"6":0,"7":0},"branchMap":{},"b":{},"fnMap":{"0":{"name":"formatValidationError","decl":{"start":{"line":1,"column":37},"end":{"line":8,"column":2}},"loc":{"start":{"line":1,"column":37},"end":{"line":8,"column":2}},"line":1}},"f":{"0":0}}
,"C:\\Users\\yosef\\OneDrive\\Desktop\\Projects\\acquisitions\\src\\utils\\jwt.js": {"path":"C:\\Users\\yosef\\OneDrive\\Desktop\\Projects\\acquisitions\\src\\utils\\jwt.js","all":false,"statementMap":{"0":{"start":{"line":1,"column":0},"end":{"line":1,"column":31}},"1":{"start":{"line":2,"column":0},"end":{"line":2,"column":39}},"2":{"start":{"line":3,"column":0},"end":{"line":3,"column":0}},"3":{"start":{"line":4,"column":0},"end":{"line":4,"column":18}},"4":{"start":{"line":5,"column":0},"end":{"line":5,"column":76}},"5":{"start":{"line":6,"column":0},"end":{"line":6,"column":28}},"6":{"start":{"line":7,"column":0},"end":{"line":7,"column":0}},"7":{"start":{"line":8,"column":0},"end":{"line":8,"column":25}},"8":{"start":{"line":9,"column":0},"end":{"line":9,"column":22}},"9":{"start":{"line":10,"column":0},"end":{"line":10,"column":13}},"10":{"start":{"line":11,"column":0},"end":{"line":11,"column":80}},"11":{"start":{"line":12,"column":0},"end":{"line":12,"column":21}},"12":{"start":{"line":13,"column":0},"end":{"line":13,"column":60}},"13":{"start":{"line":14,"column":0},"end":{"line":14,"column":60}},"14":{"start":{"line":15,"column":0},"end":{"line":15,"column":9}},"15":{"start":{"line":16,"column":0},"end":{"line":16,"column":6}},"16":{"start":{"line":17,"column":0},"end":{"line":17,"column":22}},"17":{"start":{"line":18,"column":0},"end":{"line":18,"column":13}},"18":{"start":{"line":19,"column":0},"end":{"line":19,"column":49}},"19":{"start":{"line":20,"column":0},"end":{"line":20,"column":21}},"20":{"start":{"line":21,"column":0},"end":{"line":21,"column":60}},"21":{"start":{"line":22,"column":0},"end":{"line":22,"column":60}},"22":{"start":{"line":23,"column":0},"end":{"line":23,"column":9}},"23":{"start":{"line":24,"column":0},"end":{"line":24,"column":6}},"24":{"start":{"line":25,"column":0},"end":{"line":25,"column":2}}},"s":{"0":1,"1":1,"2":1,"3":1,"4":1,"5":1,"6":1,"7":1,"8":1,"9":0,"10":0,"11":0,"12":0,"13":0,"14":0,"15":1,"16":1,"17":0,"18":0,"19":0,"20":0,"21":0,"22":0,"23":0,"24":1},"branchMap":{},"b":{},"fnMap":{"0":{"name":"sign","decl":{"start":{"line":9,"column":10},"end":{"line":16,"column":5}},"loc":{"start":{"line":9,"column":10},"end":{"line":16,"column":5}},"line":9},"1":{"name":"verify","decl":{"start":{"line":17,"column":12},"end":{"line":24,"column":6}},"loc":{"start":{"line":17,"column":12},"end":{"line":24,"column":6}},"line":17}},"f":{"0":0,"1":0}}
,"C:\\Users\\yosef\\OneDrive\\Desktop\\Projects\\acquisitions\\src\\validations\\auth.validation.js": {"path":"C:\\Users\\yosef\\OneDrive\\Desktop\\Projects\\acquisitions\\src\\validations\\auth.validation.js","all":false,"statementMap":{"0":{"start":{"line":1,"column":0},"end":{"line":1,"column":24}},"1":{"start":{"line":2,"column":0},"end":{"line":2,"column":0}},"2":{"start":{"line":3,"column":0},"end":{"line":3,"column":38}},"3":{"start":{"line":4,"column":0},"end":{"line":4,"column":44}},"4":{"start":{"line":5,"column":0},"end":{"line":5,"column":51}},"5":{"start":{"line":6,"column":0},"end":{"line":6,"column":41}},"6":{"start":{"line":7,"column":0},"end":{"line":7,"column":52}},"7":{"start":{"line":8,"column":0},"end":{"line":8,"column":3}},"8":{"start":{"line":9,"column":0},"end":{"line":9,"column":0}},"9":{"start":{"line":10,"column":0},"end":{"line":10,"column":38}},"10":{"start":{"line":11,"column":0},"end":{"line":11,"column":42}},"11":{"start":{"line":12,"column":0},"end":{"line":12,"column":32}},"12":{"start":{"line":13,"column":0},"end":{"line":13,"column":3}}},"s":{"0":1,"1":1,"2":1,"3":1,"4":1,"5":1,"6":1,"7":1,"8":1,"9":1,"10":1,"11":1,"12":1},"branchMap":{},"b":{},"fnMap":{},"f":{}}
,"C:\\Users\\yosef\\OneDrive\\Desktop\\Projects\\acquisitions\\src\\validations\\users.validation.js": {"path":"C:\\Users\\yosef\\OneDrive\\Desktop\\Projects\\acquisitions\\src\\validations\\users.validation.js","all":false,"statementMap":{"0":{"start":{"line":1,"column":0},"end":{"line":1,"column":38}},"1":{"start":{"line":2,"column":0},"end":{"line":2,"column":24}},"2":{"start":{"line":3,"column":0},"end":{"line":3,"column":0}},"3":{"start":{"line":4,"column":0},"end":{"line":4,"column":77}},"4":{"start":{"line":5,"column":0},"end":{"line":5,"column":38}},"5":{"start":{"line":6,"column":0},"end":{"line":6,"column":17}},"6":{"start":{"line":7,"column":0},"end":{"line":7,"column":26}},"7":{"start":{"line":8,"column":0},"end":{"line":8,"column":61}},"8":{"start":{"line":9,"column":0},"end":{"line":9,"column":7}},"9":{"start":{"line":10,"column":0},"end":{"line":10,"column":3}},"10":{"start":{"line":11,"column":0},"end":{"line":11,"column":0}},"11":{"start":{"line":12,"column":0},"end":{"line":12,"column":53}},"12":{"start":{"line":13,"column":0},"end":{"line":13,"column":33}},"13":{"start":{"line":14,"column":0},"end":{"line":14,"column":13}},"14":{"start":{"line":15,"column":0},"end":{"line":15,"column":57}},"15":{"start":{"line":16,"column":0},"end":{"line":16,"column":56}},"16":{"start":{"line":17,"column":0},"end":{"line":17,"column":86}},"17":{"start":{"line":18,"column":0},"end":{"line":18,"column":45}},"18":{"start":{"line":19,"column":0},"end":{"line":19,"column":52}},"19":{"start":{"line":20,"column":0},"end":{"line":20,"column":51}},"20":{"start":{"line":21,"column":0},"end":{"line":21,"column":58}},"21":{"start":{"line":22,"column":0},"end":{"line":22,"column":50}},"22":{"start":{"line":23,"column":0},"end":{"line":23,"column":43}},"23":{"start":{"line":24,"column":0},"end":{"line":24,"column":6}},"24":{"start":{"line":25,"column":0},"end":{"line":25,"column":36}}},"s":{"0":1,"1":1,"2":1,"3":1,"4":1,"5":1,"6":1,"7":1,"8":1,"9":1,"10":1,"11":1,"12":1,"13":1,"14":1,"15":1,"16":1,"17":1,"18":1,"19":1,"20":1,"21":1,"22":1,"23":1,"24":1},"branchMap":{},"b":{},"fnMap":{},"f":{}}
}
